[debug] [2024-03-14T02:35:35.571Z] ----------------------------------------------------------------------
[debug] [2024-03-14T02:35:35.573Z] Command:       C:\Program Files\nodejs\node.exe C:\Users\Zequi\AppData\Roaming\npm\node_modules\firebase-tools\lib\bin\firebase.js projects:list
[debug] [2024-03-14T02:35:35.573Z] CLI Version:   11.16.0
[debug] [2024-03-14T02:35:35.573Z] Platform:      win32
[debug] [2024-03-14T02:35:35.573Z] Node Version:  v16.17.1
[debug] [2024-03-14T02:35:35.574Z] Time:          Thu Mar 14 2024 02:35:35 GMT+0000 (Western European Standard Time)
[debug] [2024-03-14T02:35:35.574Z] ----------------------------------------------------------------------
[debug] 
[debug] [2024-03-14T02:35:35.577Z] >>> [apiv2][query] GET https://firebase-public.firebaseio.com/cli.json [none]
[debug] [2024-03-14T02:35:35.596Z] > command requires scopes: ["email","openid","https://www.googleapis.com/auth/cloudplatformprojects.readonly","https://www.googleapis.com/auth/firebase","https://www.googleapis.com/auth/cloud-platform"]
[debug] [2024-03-14T02:35:35.597Z] > authorizing via signed-in user (zequielperez.r@gmail.com)
[debug] [2024-03-14T02:35:35.600Z] > refreshing access token with scopes: []
[debug] [2024-03-14T02:35:35.601Z] >>> [apiv2][query] POST https://www.googleapis.com/oauth2/v3/token [none]
[debug] [2024-03-14T02:35:35.601Z] >>> [apiv2][body] POST https://www.googleapis.com/oauth2/v3/token [omitted]
[debug] [2024-03-14T02:35:35.665Z] <<< [apiv2][status] POST https://www.googleapis.com/oauth2/v3/token 400
[debug] [2024-03-14T02:35:35.666Z] <<< [apiv2][body] POST https://www.googleapis.com/oauth2/v3/token [omitted]
[debug] [2024-03-14T02:35:35.666Z] >>> [apiv2][query] GET https://firebase.googleapis.com/v1beta1/projects pageSize=1000
[debug] [2024-03-14T02:35:35.719Z] <<< [apiv2][status] GET https://firebase.googleapis.com/v1beta1/projects 401
[debug] [2024-03-14T02:35:35.719Z] <<< [apiv2][body] GET https://firebase.googleapis.com/v1beta1/projects [omitted]
[debug] [2024-03-14T02:35:35.720Z] HTTP Error: 401, Request had invalid authentication credentials. Expected OAuth 2 access token, login cookie or other valid authentication credential. See https://developers.google.com/identity/sign-in/web/devconsole-project.
[debug] [2024-03-14T02:35:35.758Z] FirebaseError: HTTP Error: 401, Request had invalid authentication credentials. Expected OAuth 2 access token, login cookie or other valid authentication credential. See https://developers.google.com/identity/sign-in/web/devconsole-project.
    at responseToError (C:\Users\Zequi\AppData\Roaming\npm\node_modules\firebase-tools\lib\responseToError.js:49:12)
    at RetryOperation._fn (C:\Users\Zequi\AppData\Roaming\npm\node_modules\firebase-tools\lib\apiv2.js:288:77)
    at processTicksAndRejections (node:internal/process/task_queues:96:5)
[error] 
[error] Error: Failed to list Firebase projects. See firebase-debug.log for more info.
[debug] [2024-03-14T02:35:35.823Z] <<< [apiv2][status] GET https://firebase-public.firebaseio.com/cli.json 200
[debug] [2024-03-14T02:35:35.823Z] <<< [apiv2][body] GET https://firebase-public.firebaseio.com/cli.json {"cloudBuildErrorAfter":1594252800000,"cloudBuildWarnAfter":1590019200000,"defaultNode10After":1594252800000,"minVersion":"3.0.5","node8DeploysDisabledAfter":1613390400000,"node8RuntimeDisabledAfter":1615809600000,"node8WarnAfter":1600128000000}
